app/build/outputs/logs/manifest-merger-debug-report.txt
-- Merging decision tree log ---
manifest
ADDED from src\main\AndroidManifest.xml:2:1-194:12
INJECTED from src\main\AndroidManifest.xml:2:1-194:12
INJECTED from src\main\AndroidManifest.xml:2:1-194:12
INJECTED from src\main\AndroidManifest.xml:2:1-194:12
MERGED from [uk.co.chrisjenx:calligraphy:2.3.0] AndroidManifest.xml:2:1-13:12
MERGED from [com.shawnlin:number-picker:2.4.4] AndroidManifest.xml:2:1-11:12
MERGED from [com.wdullaer:materialdatetimepicker:3.5.1] AndroidManifest.xml:17:1-30:12
MERGED from [com.android.support:design:27.1.0] AndroidManifest.xml:17:1-22:12
MERGED from [com.android.support:appcompat-v7:27.1.0] AndroidManifest.xml:17:1-22:12
MERGED from [com.android.support:recyclerview-v7:27.1.0] AndroidManifest.xml:17:1-22:12
MERGED from [com.onesignal:OneSignal:3.10.7] AndroidManifest.xml:2:1-107:12
MERGED from [com.google.android.gms:play-services-gcm:12.0.1] AndroidManifest.xml:17:1-28:12
MERGED from [com.google.android.gms:play-services-location:12.0.1] AndroidManifest.xml:2:1-9:12
MERGED from [com.google.android.gms:play-services-plus:12.0.1] AndroidManifest.xml:17:1-24:12
MERGED from [com.google.android.gms:play-services-maps:12.0.1] AndroidManifest.xml:17:1-32:12
MERGED from [com.google.firebase:firebase-messaging:12.0.1] AndroidManifest.xml:17:1-37:12
MERGED from [com.google.android.gms:play-services-iid:12.0.1] AndroidManifest.xml:17:1-28:12
MERGED from [com.google.android.gms:play-services-base:12.0.1] AndroidManifest.xml:17:1-29:12
MERGED from [com.google.firebase:firebase-iid:12.0.1] AndroidManifest.xml:17:1-59:12
MERGED from [com.google.firebase:firebase-common:12.0.1] AndroidManifest.xml:2:1-15:12
MERGED from [com.google.android.gms:play-services-tasks:12.0.1] AndroidManifest.xml:2:1-9:12
MERGED from [com.google.android.gms:play-services-basement:12.0.1] AndroidManifest.xml:17:1-28:12
MERGED from [com.android.support:support-v13:27.1.0] AndroidManifest.xml:17:1-22:12
MERGED from [com.android.support:support-v4:27.1.1] AndroidManifest.xml:17:1-22:12
MERGED from [com.android.support:cardview-v7:27.1.0] AndroidManifest.xml:17:1-22:12
MERGED from [com.crashlytics.sdk.android:crashlytics:2.7.1] AndroidManifest.xml:2:1-19:12
MERGED from [com.jaredrummler:material-spinner:1.2.3] AndroidManifest.xml:2:1-10:12
MERGED from [com.wang.avi:library:2.1.3] AndroidManifest.xml:2:1-11:12
MERGED from [com.github.samanzamani.persiandate:PersianDate:0.2] AndroidManifest.xml:2:1-16:12
MERGED from [:pecpayment-release:] AndroidManifest.xml:2:1-36:12
MERGED from [com.android.support:customtabs:27.1.1] AndroidManifest.xml:17:1-22:12
MERGED from [com.android.support:animated-vector-drawable:27.1.0] AndroidManifest.xml:17:1-22:12
MERGED from [com.android.support:support-vector-drawable:27.1.0] AndroidManifest.xml:17:1-22:12
MERGED from [com.android.support:transition:27.1.0] AndroidManifest.xml:17:1-22:12
MERGED from [com.android.support:support-fragment:27.1.1] AndroidManifest.xml:17:1-22:12
MERGED from [com.android.support:support-core-ui:27.1.1] AndroidManifest.xml:17:1-22:12
MERGED from [com.android.support:support-media-compat:27.1.1] AndroidManifest.xml:17:1-22:12
MERGED from [com.android.support:support-core-utils:27.1.1] AndroidManifest.xml:17:1-22:12
MERGED from [com.android.support:support-compat:27.1.1] AndroidManifest.xml:17:1-22:12
MERGED from [com.google.android.gms:play-services-gcm-license:12.0.1] AndroidManifest.xml:17:1-24:12
MERGED from [com.google.android.gms:play-services-location-license:12.0.1] AndroidManifest.xml:17:1-24:12
MERGED from [com.google.android.gms:play-services-plus-license:12.0.1] AndroidManifest.xml:17:1-24:12
MERGED from [com.google.android.gms:play-services-maps-license:12.0.1] AndroidManifest.xml:17:1-24:12
MERGED from [com.crashlytics.sdk.android:beta:1.2.7] AndroidManifest.xml:2:1-13:12
MERGED from [com.crashlytics.sdk.android:crashlytics-core:2.4.1] AndroidManifest.xml:45:1-56:12
MERGED from [com.crashlytics.sdk.android:answers:1.4.1] AndroidManifest.xml:2:1-13:12
MERGED from [io.fabric.sdk.android:fabric:1.4.1] AndroidManifest.xml:22:1-33:12
MERGED from [android.arch.lifecycle:runtime:1.1.0] AndroidManifest.xml:17:1-22:12
MERGED from [com.google.firebase:firebase-messaging-license:12.0.1] AndroidManifest.xml:17:1-24:12
MERGED from [com.google.android.gms:play-services-base-license:12.0.1] AndroidManifest.xml:17:1-24:12
MERGED from [com.google.android.gms:play-services-basement-license:12.0.1] AndroidManifest.xml:17:1-24:12
MERGED from [com.google.android.gms:play-services-iid-license:12.0.1] AndroidManifest.xml:17:1-24:12
MERGED from [com.google.android.gms:play-services-tasks-license:12.0.1] AndroidManifest.xml:17:1-24:12
MERGED from [com.google.firebase:firebase-iid-license:12.0.1] AndroidManifest.xml:17:1-24:12
MERGED from [com.google.firebase:firebase-common-license:12.0.1] AndroidManifest.xml:17:1-24:12
MERGED from [android.arch.lifecycle:livedata-core:1.1.0] AndroidManifest.xml:17:1-22:12
MERGED from [android.arch.lifecycle:viewmodel:1.1.0] AndroidManifest.xml:17:1-22:12
MERGED from [android.arch.core:runtime:1.1.0] AndroidManifest.xml:17:1-22:12
INJECTED from src\main\AndroidManifest.xml:2:1-194:12
INJECTED from src\main\AndroidManifest.xml:2:1-194:12
INJECTED from src\main\AndroidManifest.xml:2:1-194:12
	package
		ADDED from src\main\AndroidManifest.xml:4:5-48
		INJECTED from src\main\AndroidManifest.xml
		INJECTED from src\main\AndroidManifest.xml
	android:versionName
		INJECTED from src\main\AndroidManifest.xml
		ADDED from src\main\AndroidManifest.xml:2:1-194:12
		INJECTED from src\main\AndroidManifest.xml
	xmlns:tools
		ADDED from src\main\AndroidManifest.xml:3:5-51
	android:versionCode
		INJECTED from src\main\AndroidManifest.xml
		ADDED from src\main\AndroidManifest.xml:2:1-194:12
		INJECTED from src\main\AndroidManifest.xml
	xmlns:android
		ADDED from src\main\AndroidManifest.xml:2:11-69
	android:installLocation
		ADDED from src\main\AndroidManifest.xml:5:5-45
uses-permission#android.permission.INTERNET
ADDED from src\main\AndroidManifest.xml:9:5-67
MERGED from [com.onesignal:OneSignal:3.10.7] AndroidManifest.xml:17:5-67
MERGED from [com.onesignal:OneSignal:3.10.7] AndroidManifest.xml:17:5-67
MERGED from [com.google.android.gms:play-services-gcm:12.0.1] AndroidManifest.xml:24:5-67
MERGED from [com.google.android.gms:play-services-gcm:12.0.1] AndroidManifest.xml:24:5-67
MERGED from [com.google.android.gms:play-services-maps:12.0.1] AndroidManifest.xml:24:5-67
MERGED from [com.google.android.gms:play-services-maps:12.0.1] AndroidManifest.xml:24:5-67
MERGED from [com.google.android.gms:play-services-iid:12.0.1] AndroidManifest.xml:24:5-67
MERGED from [com.google.android.gms:play-services-iid:12.0.1] AndroidManifest.xml:24:5-67
MERGED from [com.google.firebase:firebase-iid:12.0.1] AndroidManifest.xml:23:5-67
MERGED from [com.google.firebase:firebase-iid:12.0.1] AndroidManifest.xml:23:5-67
MERGED from [com.crashlytics.sdk.android:crashlytics:2.7.1] AndroidManifest.xml:9:5-67
MERGED from [com.crashlytics.sdk.android:crashlytics:2.7.1] AndroidManifest.xml:9:5-67
MERGED from [:pecpayment-release:] AndroidManifest.xml:11:5-67
MERGED from [:pecpayment-release:] AndroidManifest.xml:11:5-67
MERGED from [com.crashlytics.sdk.android:beta:1.2.7] AndroidManifest.xml:9:5-67
MERGED from [com.crashlytics.sdk.android:beta:1.2.7] AndroidManifest.xml:9:5-67
MERGED from [com.crashlytics.sdk.android:crashlytics-core:2.4.1] AndroidManifest.xml:52:5-67
MERGED from [com.crashlytics.sdk.android:crashlytics-core:2.4.1] AndroidManifest.xml:52:5-67
MERGED from [com.crashlytics.sdk.android:answers:1.4.1] AndroidManifest.xml:9:5-67
MERGED from [com.crashlytics.sdk.android:answers:1.4.1] AndroidManifest.xml:9:5-67
MERGED from [io.fabric.sdk.android:fabric:1.4.1] AndroidManifest.xml:29:5-67
MERGED from [io.fabric.sdk.android:fabric:1.4.1] AndroidManifest.xml:29:5-67
	android:name
		ADDED from src\main\AndroidManifest.xml:9:22-64
uses-permission#android.permission.READ_SMS
ADDED from src\main\AndroidManifest.xml:10:5-67
	android:name
		ADDED from src\main\AndroidManifest.xml:10:22-64
uses-permission#android.permission.RECEIVE_SMS
ADDED from src\main\AndroidManifest.xml:11:5-70
	android:name
		ADDED from src\main\AndroidManifest.xml:11:22-67
uses-permission#android.permission.CALL_PHONE
ADDED from src\main\AndroidManifest.xml:13:5-69
	android:name
		ADDED from src\main\AndroidManifest.xml:13:22-66
uses-permission#android.permission.READ_EXTERNAL_STORAGE
ADDED from src\main\AndroidManifest.xml:14:5-80
MERGED from [:pecpayment-release:] AndroidManifest.xml:13:5-80
MERGED from [:pecpayment-release:] AndroidManifest.xml:13:5-80
	android:name
		ADDED from src\main\AndroidManifest.xml:14:22-77
uses-permission#android.permission.WRITE_EXTERNAL_STORAGE
ADDED from src\main\AndroidManifest.xml:15:5-81
MERGED from [:pecpayment-release:] AndroidManifest.xml:12:5-81
MERGED from [:pecpayment-release:] AndroidManifest.xml:12:5-81
	android:name
		ADDED from src\main\AndroidManifest.xml:15:22-78
uses-permission#android.permission.ACCESS_FINE_LOCATION
ADDED from src\main\AndroidManifest.xml:17:5-79
	android:name
		ADDED from src\main\AndroidManifest.xml:17:22-76
uses-permission#android.permission.ACCESS_COARSE_LOCATION
ADDED from src\main\AndroidManifest.xml:18:5-81
	android:name
		ADDED from src\main\AndroidManifest.xml:18:22-78
uses-permission#android.permission.ACCESS_WIFI_STATE
ADDED from src\main\AndroidManifest.xml:19:5-76
	android:name
		ADDED from src\main\AndroidManifest.xml:19:22-73
uses-permission#android.permission.ACCESS_NETWORK_STATE
ADDED from src\main\AndroidManifest.xml:20:5-79
MERGED from [com.onesignal:OneSignal:3.10.7] AndroidManifest.xml:25:5-79
MERGED from [com.onesignal:OneSignal:3.10.7] AndroidManifest.xml:25:5-79
MERGED from [com.google.android.gms:play-services-maps:12.0.1] AndroidManifest.xml:23:5-79
MERGED from [com.google.android.gms:play-services-maps:12.0.1] AndroidManifest.xml:23:5-79
MERGED from [com.google.firebase:firebase-iid:12.0.1] AndroidManifest.xml:22:5-79
MERGED from [com.google.firebase:firebase-iid:12.0.1] AndroidManifest.xml:22:5-79
	android:name
		ADDED from src\main\AndroidManifest.xml:20:22-76
uses-permission#com.android.launcher.permission.INSTALL_SHORTCUT
ADDED from src\main\AndroidManifest.xml:22:5-88
	android:name
		ADDED from src\main\AndroidManifest.xml:22:22-85
application
ADDED from src\main\AndroidManifest.xml:24:5-192:19
MERGED from [uk.co.chrisjenx:calligraphy:2.3.0] AndroidManifest.xml:11:5-20
MERGED from [uk.co.chrisjenx:calligraphy:2.3.0] AndroidManifest.xml:11:5-20
MERGED from [com.wdullaer:materialdatetimepicker:3.5.1] AndroidManifest.xml:28:5-20
MERGED from [com.wdullaer:materialdatetimepicker:3.5.1] AndroidManifest.xml:28:5-20
MERGED from [com.onesignal:OneSignal:3.10.7] AndroidManifest.xml:49:5-105:19
MERGED from [com.onesignal:OneSignal:3.10.7] AndroidManifest.xml:49:5-105:19
MERGED from [com.google.android.gms:play-services-gcm:12.0.1] AndroidManifest.xml:26:5-20
MERGED from [com.google.android.gms:play-services-gcm:12.0.1] AndroidManifest.xml:26:5-20
MERGED from [com.google.android.gms:play-services-location:12.0.1] AndroidManifest.xml:7:5-20
MERGED from [com.google.android.gms:play-services-location:12.0.1] AndroidManifest.xml:7:5-20
MERGED from [com.google.android.gms:play-services-plus:12.0.1] AndroidManifest.xml:22:5-20
MERGED from [com.google.android.gms:play-services-plus:12.0.1] AndroidManifest.xml:22:5-20
MERGED from [com.google.android.gms:play-services-maps:12.0.1] AndroidManifest.xml:30:5-20
MERGED from [com.google.android.gms:play-services-maps:12.0.1] AndroidManifest.xml:30:5-20
MERGED from [com.google.firebase:firebase-messaging:12.0.1] AndroidManifest.xml:22:5-35:19
MERGED from [com.google.firebase:firebase-messaging:12.0.1] AndroidManifest.xml:22:5-35:19
MERGED from [com.google.android.gms:play-services-iid:12.0.1] AndroidManifest.xml:26:5-20
MERGED from [com.google.android.gms:play-services-iid:12.0.1] AndroidManifest.xml:26:5-20
MERGED from [com.google.android.gms:play-services-base:12.0.1] AndroidManifest.xml:22:5-27:19
MERGED from [com.google.android.gms:play-services-base:12.0.1] AndroidManifest.xml:22:5-27:19
MERGED from [com.google.firebase:firebase-iid:12.0.1] AndroidManifest.xml:34:5-57:19
MERGED from [com.google.firebase:firebase-iid:12.0.1] AndroidManifest.xml:34:5-57:19
MERGED from [com.google.firebase:firebase-common:12.0.1] AndroidManifest.xml:7:5-13:19
MERGED from [com.google.firebase:firebase-common:12.0.1] AndroidManifest.xml:7:5-13:19
MERGED from [com.google.android.gms:play-services-tasks:12.0.1] AndroidManifest.xml:7:5-20
MERGED from [com.google.android.gms:play-services-tasks:12.0.1] AndroidManifest.xml:7:5-20
MERGED from [com.google.android.gms:play-services-basement:12.0.1] AndroidManifest.xml:22:5-26:19
MERGED from [com.google.android.gms:play-services-basement:12.0.1] AndroidManifest.xml:22:5-26:19
MERGED from [com.crashlytics.sdk.android:crashlytics:2.7.1] AndroidManifest.xml:11:5-17:19
MERGED from [com.crashlytics.sdk.android:crashlytics:2.7.1] AndroidManifest.xml:11:5-17:19
MERGED from [com.github.samanzamani.persiandate:PersianDate:0.2] AndroidManifest.xml:11:5-14:19
MERGED from [com.github.samanzamani.persiandate:PersianDate:0.2] AndroidManifest.xml:11:5-14:19
MERGED from [:pecpayment-release:] AndroidManifest.xml:15:5-34:19
MERGED from [:pecpayment-release:] AndroidManifest.xml:15:5-34:19
MERGED from [com.google.android.gms:play-services-gcm-license:12.0.1] AndroidManifest.xml:22:5-20
MERGED from [com.google.android.gms:play-services-gcm-license:12.0.1] AndroidManifest.xml:22:5-20
MERGED from [com.google.android.gms:play-services-location-license:12.0.1] AndroidManifest.xml:22:5-20
MERGED from [com.google.android.gms:play-services-location-license:12.0.1] AndroidManifest.xml:22:5-20
MERGED from [com.google.android.gms:play-services-plus-license:12.0.1] AndroidManifest.xml:22:5-20
MERGED from [com.google.android.gms:play-services-plus-license:12.0.1] AndroidManifest.xml:22:5-20
MERGED from [com.google.android.gms:play-services-maps-license:12.0.1] AndroidManifest.xml:22:5-20
MERGED from [com.google.android.gms:play-services-maps-license:12.0.1] AndroidManifest.xml:22:5-20
MERGED from [com.crashlytics.sdk.android:beta:1.2.7] AndroidManifest.xml:11:5-20
MERGED from [com.crashlytics.sdk.android:beta:1.2.7] AndroidManifest.xml:11:5-20
MERGED from [com.crashlytics.sdk.android:crashlytics-core:2.4.1] AndroidManifest.xml:54:5-20
MERGED from [com.crashlytics.sdk.android:crashlytics-core:2.4.1] AndroidManifest.xml:54:5-20
MERGED from [com.crashlytics.sdk.android:answers:1.4.1] AndroidManifest.xml:11:5-20
MERGED from [com.crashlytics.sdk.android:answers:1.4.1] AndroidManifest.xml:11:5-20
MERGED from [io.fabric.sdk.android:fabric:1.4.1] AndroidManifest.xml:31:5-20
MERGED from [io.fabric.sdk.android:fabric:1.4.1] AndroidManifest.xml:31:5-20
MERGED from [com.google.firebase:firebase-messaging-license:12.0.1] AndroidManifest.xml:22:5-20
MERGED from [com.google.firebase:firebase-messaging-license:12.0.1] AndroidManifest.xml:22:5-20
MERGED from [com.google.android.gms:play-services-base-license:12.0.1] AndroidManifest.xml:22:5-20
MERGED from [com.google.android.gms:play-services-base-license:12.0.1] AndroidManifest.xml:22:5-20
MERGED from [com.google.android.gms:play-services-basement-license:12.0.1] AndroidManifest.xml:22:5-20
MERGED from [com.google.android.gms:play-services-basement-license:12.0.1] AndroidManifest.xml:22:5-20
MERGED from [com.google.android.gms:play-services-iid-license:12.0.1] AndroidManifest.xml:22:5-20
MERGED from [com.google.android.gms:play-services-iid-license:12.0.1] AndroidManifest.xml:22:5-20
MERGED from [com.google.android.gms:play-services-tasks-license:12.0.1] AndroidManifest.xml:22:5-20
MERGED from [com.google.android.gms:play-services-tasks-license:12.0.1] AndroidManifest.xml:22:5-20
MERGED from [com.google.firebase:firebase-iid-license:12.0.1] AndroidManifest.xml:22:5-20
MERGED from [com.google.firebase:firebase-iid-license:12.0.1] AndroidManifest.xml:22:5-20
MERGED from [com.google.firebase:firebase-common-license:12.0.1] AndroidManifest.xml:22:5-20
MERGED from [com.google.firebase:firebase-common-license:12.0.1] AndroidManifest.xml:22:5-20
	android:supportsRtl
		ADDED from src\main\AndroidManifest.xml:30:9-36
	android:label
		ADDED from src\main\AndroidManifest.xml:28:9-41
	android:largeHeap
		ADDED from src\main\AndroidManifest.xml:29:9-33
	android:icon
		ADDED from src\main\AndroidManifest.xml:27:9-43
	android:allowBackup
		ADDED from src\main\AndroidManifest.xml:26:9-35
	android:theme
		ADDED from src\main\AndroidManifest.xml:31:9-40
	android:name
		ADDED from src\main\AndroidManifest.xml:25:9-26
activity#ir.co.ahs.app.mob.WinnerMarketing.ServicesActivity
ADDED from src\main\AndroidManifest.xml:33:9-36:47
	android:screenOrientation
		ADDED from src\main\AndroidManifest.xml:35:13-49
	android:theme
		ADDED from src\main\AndroidManifest.xml:36:13-44
	android:name
		ADDED from src\main\AndroidManifest.xml:34:13-78
activity#ir.co.ahs.app.mob.WinnerMarketing.CustomerDetailActivity
ADDED from src\main\AndroidManifest.xml:37:9-40:47
	android:screenOrientation
		ADDED from src\main\AndroidManifest.xml:39:13-49
	android:theme
		ADDED from src\main\AndroidManifest.xml:40:13-44
	android:name
		ADDED from src\main\AndroidManifest.xml:38:13-84
activity#ir.co.ahs.app.mob.WinnerMarketing.AddCustomerActivity
ADDED from src\main\AndroidManifest.xml:41:9-44:47
	android:screenOrientation
		ADDED from src\main\AndroidManifest.xml:43:13-49
	android:theme
		ADDED from src\main\AndroidManifest.xml:44:13-44
	android:name
		ADDED from src\main\AndroidManifest.xml:42:13-81
activity#ir.co.ahs.app.mob.WinnerMarketing.RegisterActivity
ADDED from src\main\AndroidManifest.xml:45:9-48:47
	android:screenOrientation
		ADDED from src\main\AndroidManifest.xml:47:13-49
	android:theme
		ADDED from src\main\AndroidManifest.xml:48:13-44
	android:name
		ADDED from src\main\AndroidManifest.xml:46:13-78
activity#ir.co.ahs.app.mob.WinnerMarketing.TestActivity
ADDED from src\main\AndroidManifest.xml:49:9-52:47
	android:screenOrientation
		ADDED from src\main\AndroidManifest.xml:51:13-49
	android:theme
		ADDED from src\main\AndroidManifest.xml:52:13-44
	android:name
		ADDED from src\main\AndroidManifest.xml:50:13-74
activity#ir.co.ahs.app.mob.WinnerMarketing.AlarmActivity
ADDED from src\main\AndroidManifest.xml:53:9-56:47
	android:screenOrientation
		ADDED from src\main\AndroidManifest.xml:55:13-49
	android:theme
		ADDED from src\main\AndroidManifest.xml:56:13-44
	android:name
		ADDED from src\main\AndroidManifest.xml:54:13-75
activity#ir.co.ahs.app.mob.WinnerMarketing.SuccessMessageListActivity
ADDED from src\main\AndroidManifest.xml:57:9-60:47
	android:screenOrientation
		ADDED from src\main\AndroidManifest.xml:59:13-49
	android:theme
		ADDED from src\main\AndroidManifest.xml:60:13-44
	android:name
		ADDED from src\main\AndroidManifest.xml:58:13-88
activity#ir.co.ahs.app.mob.WinnerMarketing.SuccessMessageActivity
ADDED from src\main\AndroidManifest.xml:61:9-64:47
	android:screenOrientation
		ADDED from src\main\AndroidManifest.xml:63:13-49
	android:theme
		ADDED from src\main\AndroidManifest.xml:64:13-44
	android:name
		ADDED from src\main\AndroidManifest.xml:62:13-84
activity#ir.co.ahs.app.mob.WinnerMarketing.TestItemActivity
ADDED from src\main\AndroidManifest.xml:65:9-68:47
	android:screenOrientation
		ADDED from src\main\AndroidManifest.xml:67:13-49
	android:theme
		ADDED from src\main\AndroidManifest.xml:68:13-44
	android:name
		ADDED from src\main\AndroidManifest.xml:66:13-78
activity#ir.co.ahs.app.mob.WinnerMarketing.LoginActivity
ADDED from src\main\AndroidManifest.xml:70:9-73:47
	android:screenOrientation
		ADDED from src\main\AndroidManifest.xml:72:13-49
	android:theme
		ADDED from src\main\AndroidManifest.xml:73:13-44
	android:name
		ADDED from src\main\AndroidManifest.xml:71:13-75
activity#ir.co.ahs.app.mob.WinnerMarketing.TargetActivity
ADDED from src\main\AndroidManifest.xml:75:9-78:47
	android:screenOrientation
		ADDED from src\main\AndroidManifest.xml:77:13-49
	android:theme
		ADDED from src\main\AndroidManifest.xml:78:13-44
	android:name
		ADDED from src\main\AndroidManifest.xml:76:13-76
activity#ir.co.ahs.app.mob.WinnerMarketing.ProjectActivity
ADDED from src\main\AndroidManifest.xml:80:9-83:47
	android:screenOrientation
		ADDED from src\main\AndroidManifest.xml:82:13-49
	android:theme
		ADDED from src\main\AndroidManifest.xml:83:13-44
	android:name
		ADDED from src\main\AndroidManifest.xml:81:13-77
activity#ir.co.ahs.app.mob.WinnerMarketing.SplashActivity
ADDED from src\main\AndroidManifest.xml:86:9-94:20
	android:screenOrientation
		ADDED from src\main\AndroidManifest.xml:88:13-49
	android:theme
		ADDED from src\main\AndroidManifest.xml:89:13-44
	android:name
		ADDED from src\main\AndroidManifest.xml:87:13-76
intent-filter#android.intent.action.MAIN+android.intent.category.LAUNCHER
ADDED from src\main\AndroidManifest.xml:90:13-93:29
action#android.intent.action.MAIN
ADDED from src\main\AndroidManifest.xml:91:17-69
	android:name
		ADDED from src\main\AndroidManifest.xml:91:25-66
category#android.intent.category.LAUNCHER
ADDED from src\main\AndroidManifest.xml:92:17-77
	android:name
		ADDED from src\main\AndroidManifest.xml:92:27-74
activity#ir.co.ahs.app.mob.WinnerMarketing.ProjectsActivity
ADDED from src\main\AndroidManifest.xml:96:9-99:47
	android:screenOrientation
		ADDED from src\main\AndroidManifest.xml:98:13-49
	android:theme
		ADDED from src\main\AndroidManifest.xml:99:13-44
	android:name
		ADDED from src\main\AndroidManifest.xml:97:13-78
activity#ir.co.ahs.app.mob.WinnerMarketing.CustomerActivity
ADDED from src\main\AndroidManifest.xml:100:9-103:47
	android:screenOrientation
		ADDED from src\main\AndroidManifest.xml:102:13-49
	android:theme
		ADDED from src\main\AndroidManifest.xml:103:13-44
	android:name
		ADDED from src\main\AndroidManifest.xml:101:13-78
activity#ir.co.ahs.app.mob.WinnerMarketing.AddProjectActivity
ADDED from src\main\AndroidManifest.xml:104:9-107:47
	android:screenOrientation
		ADDED from src\main\AndroidManifest.xml:106:13-49
	android:theme
		ADDED from src\main\AndroidManifest.xml:107:13-44
	android:name
		ADDED from src\main\AndroidManifest.xml:105:13-80
activity#ir.co.ahs.app.mob.WinnerMarketing.DashBoardActivity
ADDED from src\main\AndroidManifest.xml:108:9-111:47
	android:screenOrientation
		ADDED from src\main\AndroidManifest.xml:110:13-49
	android:theme
		ADDED from src\main\AndroidManifest.xml:111:13-44
	android:name
		ADDED from src\main\AndroidManifest.xml:109:13-79
activity#ir.co.ahs.app.mob.WinnerMarketing.CreditActivity
ADDED from src\main\AndroidManifest.xml:113:9-116:47
	android:screenOrientation
		ADDED from src\main\AndroidManifest.xml:115:13-49
	android:theme
		ADDED from src\main\AndroidManifest.xml:116:13-44
	android:name
		ADDED from src\main\AndroidManifest.xml:114:13-76
activity#ir.co.ahs.app.mob.WinnerMarketing.OrderActivity
ADDED from src\main\AndroidManifest.xml:118:9-121:47
	android:screenOrientation
		ADDED from src\main\AndroidManifest.xml:120:13-49
	android:theme
		ADDED from src\main\AndroidManifest.xml:121:13-44
	android:name
		ADDED from src\main\AndroidManifest.xml:119:13-75
activity#ir.co.ahs.app.mob.WinnerMarketing.PollActivity
ADDED from src\main\AndroidManifest.xml:123:9-126:47
	android:screenOrientation
		ADDED from src\main\AndroidManifest.xml:125:13-49
	android:theme
		ADDED from src\main\AndroidManifest.xml:126:13-44
	android:name
		ADDED from src\main\AndroidManifest.xml:124:13-74
activity#ir.co.ahs.app.mob.WinnerMarketing.ConversationActivity
ADDED from src\main\AndroidManifest.xml:127:9-130:47
	android:screenOrientation
		ADDED from src\main\AndroidManifest.xml:129:13-49
	android:theme
		ADDED from src\main\AndroidManifest.xml:130:13-44
	android:name
		ADDED from src\main\AndroidManifest.xml:128:13-82
activity#ir.co.ahs.app.mob.WinnerMarketing.MessageAddActivity
ADDED from src\main\AndroidManifest.xml:132:9-135:47
	android:screenOrientation
		ADDED from src\main\AndroidManifest.xml:134:13-49
	android:theme
		ADDED from src\main\AndroidManifest.xml:135:13-44
	android:name
		ADDED from src\main\AndroidManifest.xml:133:13-80
activity#ir.co.ahs.app.mob.WinnerMarketing.ContactUsActivity
ADDED from src\main\AndroidManifest.xml:137:9-140:47
	android:screenOrientation
		ADDED from src\main\AndroidManifest.xml:139:13-49
	android:theme
		ADDED from src\main\AndroidManifest.xml:140:13-44
	android:name
		ADDED from src\main\AndroidManifest.xml:138:13-79
activity#ir.co.ahs.app.mob.WinnerMarketing.ProfileActivity
ADDED from src\main\AndroidManifest.xml:142:9-146:47
	android:screenOrientation
		ADDED from src\main\AndroidManifest.xml:145:13-49
	android:exported
		ADDED from src\main\AndroidManifest.xml:144:13-36
	android:theme
		ADDED from src\main\AndroidManifest.xml:146:13-44
	android:name
		ADDED from src\main\AndroidManifest.xml:143:13-77
activity#ir.co.ahs.app.mob.WinnerMarketing.weekMessageActivity
ADDED from src\main\AndroidManifest.xml:147:9-150:47
	android:screenOrientation
		ADDED from src\main\AndroidManifest.xml:149:13-49
	android:theme
		ADDED from src\main\AndroidManifest.xml:150:13-44
	android:name
		ADDED from src\main\AndroidManifest.xml:148:13-81
activity#ir.co.ahs.app.mob.WinnerMarketing.MeditationActivity
ADDED from src\main\AndroidManifest.xml:151:9-154:47
	android:screenOrientation
		ADDED from src\main\AndroidManifest.xml:153:13-49
	android:theme
		ADDED from src\main\AndroidManifest.xml:154:13-44
	android:name
		ADDED from src\main\AndroidManifest.xml:152:13-80
meta-data#io.fabric.ApiKey
ADDED from src\main\AndroidManifest.xml:157:9-159:72
	android:value
		ADDED from src\main\AndroidManifest.xml:159:13-69
	android:name
		ADDED from src\main\AndroidManifest.xml:158:13-44
receiver#ir.co.ahs.app.mob.WinnerMarketing.ExampleAppWidgetProvider
ADDED from src\main\AndroidManifest.xml:161:9-170:20
	android:label
		ADDED from src\main\AndroidManifest.xml:163:13-49
	android:name
		ADDED from src\main\AndroidManifest.xml:162:13-86
intent-filter#android.appwidget.action.APPWIDGET_UPDATE
ADDED from src\main\AndroidManifest.xml:164:13-166:29
action#android.appwidget.action.APPWIDGET_UPDATE
ADDED from src\main\AndroidManifest.xml:165:17-84
	android:name
		ADDED from src\main\AndroidManifest.xml:165:25-81
meta-data#android.appwidget.provider
ADDED from src\main\AndroidManifest.xml:167:13-169:56
	android:resource
		ADDED from src\main\AndroidManifest.xml:169:17-53
	android:name
		ADDED from src\main\AndroidManifest.xml:168:17-58
receiver#ir.co.ahs.app.mob.WinnerMarketing.MyReceiver
ADDED from src\main\AndroidManifest.xml:177:9-181:20
	android:name
		ADDED from src\main\AndroidManifest.xml:177:19-78
intent-filter#android.intent.action.DATE_CHANGED
ADDED from src\main\AndroidManifest.xml:178:13-180:29
action#android.intent.action.DATE_CHANGED
ADDED from src\main\AndroidManifest.xml:179:17-77
	android:name
		ADDED from src\main\AndroidManifest.xml:179:25-74
receiver#ir.co.ahs.app.mob.WinnerMarketing.Tasks
ADDED from src\main\AndroidManifest.xml:183:9-85
	android:name
		ADDED from src\main\AndroidManifest.xml:183:19-73
receiver#ir.co.ahs.app.mob.WinnerMarketing.SmsListener
ADDED from src\main\AndroidManifest.xml:185:9-189:20
	android:name
		ADDED from src\main\AndroidManifest.xml:185:19-79
intent-filter#android.provider.Telephony.SMS_RECEIVED
ADDED from src\main\AndroidManifest.xml:186:13-188:29
	android:priority
		ADDED from src\main\AndroidManifest.xml:186:28-51
action#android.provider.Telephony.SMS_RECEIVED
ADDED from src\main\AndroidManifest.xml:187:17-82
	android:name
		ADDED from src\main\AndroidManifest.xml:187:25-79
uses-sdk
INJECTED from src\main\AndroidManifest.xml reason: use-sdk injection requested
INJECTED from src\main\AndroidManifest.xml
INJECTED from src\main\AndroidManifest.xml
MERGED from [uk.co.chrisjenx:calligraphy:2.3.0] AndroidManifest.xml:7:5-9:41
MERGED from [uk.co.chrisjenx:calligraphy:2.3.0] AndroidManifest.xml:7:5-9:41
MERGED from [com.shawnlin:number-picker:2.4.4] AndroidManifest.xml:7:5-9:41
MERGED from [com.shawnlin:number-picker:2.4.4] AndroidManifest.xml:7:5-9:41
MERGED from [com.wdullaer:materialdatetimepicker:3.5.1] AndroidManifest.xml:22:5-24:41
MERGED from [com.wdullaer:materialdatetimepicker:3.5.1] AndroidManifest.xml:22:5-24:41
MERGED from [com.android.support:design:27.1.0] AndroidManifest.xml:20:5-44
MERGED from [com.android.support:design:27.1.0] AndroidManifest.xml:20:5-44
MERGED from [com.android.support:appcompat-v7:27.1.0] AndroidManifest.xml:20:5-44
MERGED from [com.android.support:appcompat-v7:27.1.0] AndroidManifest.xml:20:5-44
MERGED from [com.android.support:recyclerview-v7:27.1.0] AndroidManifest.xml:20:5-44
MERGED from [com.android.support:recyclerview-v7:27.1.0] AndroidManifest.xml:20:5-44
MERGED from [com.onesignal:OneSignal:3.10.7] AndroidManifest.xml:5:5-44
MERGED from [com.onesignal:OneSignal:3.10.7] AndroidManifest.xml:5:5-44
MERGED from [com.google.android.gms:play-services-gcm:12.0.1] AndroidManifest.xml:20:5-44
MERGED from [com.google.android.gms:play-services-gcm:12.0.1] AndroidManifest.xml:20:5-44
MERGED from [com.google.android.gms:play-services-location:12.0.1] AndroidManifest.xml:5:5-44
MERGED from [com.google.android.gms:play-services-location:12.0.1] AndroidManifest.xml:5:5-44
MERGED from [com.google.android.gms:play-services-plus:12.0.1] AndroidManifest.xml:20:5-44
MERGED from [com.google.android.gms:play-services-plus:12.0.1] AndroidManifest.xml:20:5-44
MERGED from [com.google.android.gms:play-services-maps:12.0.1] AndroidManifest.xml:20:5-44
MERGED from [com.google.android.gms:play-services-maps:12.0.1] AndroidManifest.xml:20:5-44
MERGED from [com.google.firebase:firebase-messaging:12.0.1] AndroidManifest.xml:20:5-44
MERGED from [com.google.firebase:firebase-messaging:12.0.1] AndroidManifest.xml:20:5-44
MERGED from [com.google.android.gms:play-services-iid:12.0.1] AndroidManifest.xml:20:5-44